<?xml version="1.0" encoding="UTF-8"?>
<!-- Generated by org.testng.reporters.JUnitXMLReporter -->
<testsuite hostname="DIN66008786" ignored="0" name="Amazon Test" tests="1" failures="1" timestamp="25 May 2018 12:29:31 GMT" time="0.016" errors="0">
  <testcase name="AmazonTest" time="0.0" classname="com.parameters.ParameterTest">
    <failure type="org.testng.TestNGException" message="
Parameter &amp;apos;userid&amp;apos; is required by @Test on method AmazonTest but has not been marked @Optional or defined
in D:\cafe_cbf\TestNG\testng.xml">
      <![CDATA[org.testng.TestNGException: 
Parameter 'userid' is required by @Test on method AmazonTest but has not been marked @Optional or defined
in D:\cafe_cbf\TestNG\testng.xml
... Removed 24 stack frames]]>
    </failure>
  </testcase> <!-- AmazonTest -->
</testsuite> <!-- Amazon Test -->
